Arguments: 
  C:\Program Files\nodejs\node.exe C:\Program Files\nodejs\node_modules\yarn\bin\yarn.js dev

PATH: 
  C:\ProgramData\Oracle\Java\javapath;C:\Program Files (x86)\Intel\iCLS Client\;C:\Program Files\Intel\iCLS Client\;C:\windows\system32;C:\windows;C:\windows\System32\Wbem;C:\windows\System32\WindowsPowerShell\v1.0\;c:\Program Files (x86)\ATI Technologies\ATI.ACE\Core-Static;C:\Program Files\Intel\Intel(R) Management Engine Components\DAL;C:\Program Files (x86)\Intel\Intel(R) Management Engine Components\DAL;C:\Program Files\Intel\Intel(R) Management Engine Components\IPT;C:\Program Files (x86)\Intel\Intel(R) Management Engine Components\IPT;c:\Program Files (x86)\Hewlett-Packard\HP Performance Advisor;C:\Program Files\PuTTY\;C:\Program Files (x86)\Calibre2\;C:\Program Files\Git\cmd;C:\Program Files\nodejs\;C:\ProgramData\chocolatey\bin;C:\Program Files\Intel\WiFi\bin\;C:\Program Files\Common Files\Intel\WirelessCommon\;C:\Program Files\dotnet\;C:\Program Files\Microsoft SQL Server\130\Tools\Binn\;C:\Users\Daniel\AppData\Roaming\nvm;C:\Program Files\nodejs;C:\Program Files (x86)\Nmap;C:\Users\Daniel\AppData\Local\GitHubDesktop\bin;C:\Users\Daniel\AppData\Local\atom\bin;C:\Users\Daniel\AppData\Roaming\npm;C:\Users\Daniel\AppData\Local\.meteor;C:\Program Files\Intel\WiFi\bin\;C:\Program Files\Common Files\Intel\WirelessCommon\;C:\Users\Daniel\AppData\Roaming\nvm;C:\Program Files\nodejs

Yarn version: 
  1.9.4

Node version: 
  10.8.0

Platform: 
  win32 x64

Trace: 
  SyntaxError: C:\Users\Daniel\Documents\GitHub\proto-Driving-Tomorrow\proto\package.json: Unexpected token } in JSON at position 458
      at JSON.parse (<anonymous>)
      at C:\Users\Daniel\AppData\Roaming\nvm\v10.8.0\node_modules\yarn\lib\cli.js:1130:59
      at Generator.next (<anonymous>)
      at step (C:\Users\Daniel\AppData\Roaming\nvm\v10.8.0\node_modules\yarn\lib\cli.js:92:30)
      at C:\Users\Daniel\AppData\Roaming\nvm\v10.8.0\node_modules\yarn\lib\cli.js:103:13

npm manifest: 
  {
    "name": "proto",
    "version": "0.1.0",
    "private": true,
    "dependencies": {
      "concurrently": "^3.6.1",
      "react": "^16.4.2",
      "react-dom": "^16.4.2",
      "react-scripts": "1.1.4",
      "react-svg": "^5.0.15",
      "react-transition-group": "^1.2.1"
    },
    "scripts": {
      "client": "cd client && yarn start",
      "server": "cd server && nodemon server.js",
      "dev": "concurrently --kill-others-on-fail \"yarn server\" \"yarn client\"",
      
    },
    "proxy": "http://localhost:8000/"
  }

yarn manifest: 
  No manifest

Lockfile: 
  No lockfile
